<?xml version="1.0" encoding="UTF-8"?>
<!-- Generated by org.testng.reporters.JUnitReportReporter -->
<testsuite hostname="nutes-Inspiron-7560" name="docker.TestServiceLogin" tests="1" failures="0" timestamp="19 Feb 2020 13:44:08 GMT" time="0.001" errors="0">
  <testcase name="testSignIn" time="0.001" classname="docker.TestServiceLogin"/>
</testsuite> <!-- docker.TestServiceLogin -->
